<?xml version="1.0" encoding="UTF-8"?>
<!-- Generated by org.testng.reporters.JUnitReportReporter -->
<testsuite hostname="DESKTOP-1KA5NS0" failures="0" tests="3" name="Test_Script_package.Homepage_boat" time="4.003" errors="0" timestamp="2024-02-20T12:57:46 IST" skipped="0">
  <testcase classname="Test_Script_package.Homepage_boat" name="Test1" time="0.159"/>
  <testcase classname="Test_Script_package.Homepage_boat" name="Test2" time="0.114"/>
  <testcase classname="Test_Script_package.Homepage_boat" name="Test3" time="3.730"/>
</testsuite> <!-- Test_Script_package.Homepage_boat -->
